MyApplication/app/build/intermediates/manifest_merge_blame_file/debug/manifest-merger-blame-debug-report.txt
1<?xml version="1.0" encoding="utf-8"?>
2<manifest xmlns:android="http://schemas.android.com/apk/res/android"
3    package="com.mc2023.template"
4    android:versionCode="1"
5    android:versionName="1.0" >
6
7    <uses-sdk
8        android:minSdkVersion="21"
8-->src\main\AndroidManifest.xml
9        android:targetSdkVersion="33" />
9-->src\main\AndroidManifest.xml
10
11    <uses-permission android:name="android.permission.READ_PHONE_STATE" />
11-->src\main\AndroidManifest.xml:5:5-75
11-->src\main\AndroidManifest.xml:5:22-72
12
13    <permission
13-->[androidx.core:core:1.10.0-beta01] AndroidManifest.xml:22:5-24:47
14        android:name="com.mc2023.template.DYNAMIC_RECEIVER_NOT_EXPORTED_PERMISSION"
14-->[androidx.core:core:1.10.0-beta01] AndroidManifest.xml:23:9-81
15        android:protectionLevel="signature" />
15-->[androidx.core:core:1.10.0-beta01] AndroidManifest.xml:24:9-44
16
17    <uses-permission android:name="com.mc2023.template.DYNAMIC_RECEIVER_NOT_EXPORTED_PERMISSION" />
17-->[androidx.core:core:1.10.0-beta01] AndroidManifest.xml:26:5-97
17-->[androidx.core:core:1.10.0-beta01] AndroidManifest.xml:26:22-94
18
19    <application
19-->src\main\AndroidManifest.xml:7:5-49:19
20        android:allowBackup="true"
20-->src\main\AndroidManifest.xml:8:9-35
21        android:appComponentFactory="androidx.core.app.CoreComponentFactory"
21-->[androidx.core:core:1.10.0-beta01] AndroidManifest.xml:28:18-86
22        android:dataExtractionRules="@xml/data_extraction_rules"
22-->src\main\AndroidManifest.xml:9:9-65
23        android:debuggable="true"
24        android:fullBackupContent="@xml/backup_rules"
24-->src\main\AndroidManifest.xml:10:9-54
25        android:icon="@mipmap/ic_launcher"
25-->src\main\AndroidManifest.xml:11:9-43
26        android:label="@string/app_name"
26-->src\main\AndroidManifest.xml:12:9-41
27        android:supportsRtl="true"
27-->src\main\AndroidManifest.xml:13:9-35
28        android:theme="@style/Theme.MyApplication" >
28-->src\main\AndroidManifest.xml:14:9-51
29        <service
29-->src\main\AndroidManifest.xml:16:9-19:47
30            android:name="com.mc2023.template.Timer"
30-->src\main\AndroidManifest.xml:17:13-34
31            android:enabled="true"
31-->src\main\AndroidManifest.xml:18:13-35
32            android:exported="true" />
32-->src\main\AndroidManifest.xml:19:13-36
33
34        <activity
34-->src\main\AndroidManifest.xml:21:9-29:20
35            android:name="com.mc2023.template.MainActivity"
35-->src\main\AndroidManifest.xml:22:13-41
36            android:exported="true" >
36-->src\main\AndroidManifest.xml:23:13-36
37            <intent-filter>
37-->src\main\AndroidManifest.xml:24:13-28:29
38                <action android:name="android.intent.action.MAIN" />
38-->src\main\AndroidManifest.xml:25:17-69
38-->src\main\AndroidManifest.xml:25:25-66
39
40                <category android:name="android.intent.category.LAUNCHER" />
40-->src\main\AndroidManifest.xml:27:17-77
40-->src\main\AndroidManifest.xml:27:27-74
41            </intent-filter>
42        </activity>
43
44        <service android:name="com.mc2023.template.MusicService" />
44-->src\main\AndroidManifest.xml:31:9-49
44-->src\main\AndroidManifest.xml:31:18-46
45
46        <receiver
46-->src\main\AndroidManifest.xml:33:9-40:20
47            android:name="com.mc2023.template.PowerConnectionReceiver"
47-->src\main\AndroidManifest.xml:34:13-52
48            android:exported="true" >
48-->src\main\AndroidManifest.xml:35:13-36
49            <intent-filter>
49-->src\main\AndroidManifest.xml:36:13-39:29
50                <action android:name="android.intent.action.ACTION_POWER_CONNECTED" />
50-->src\main\AndroidManifest.xml:37:17-87
50-->src\main\AndroidManifest.xml:37:25-84
51                <action android:name="android.intent.action.ACTION_POWER_DISCONNECTED" />
51-->src\main\AndroidManifest.xml:38:17-90
51-->src\main\AndroidManifest.xml:38:25-87
52            </intent-filter>
53        </receiver>
54        <receiver
54-->src\main\AndroidManifest.xml:41:9-48:20
55            android:name="com.mc2023.template.BatteryLevelReceiver"
55-->src\main\AndroidManifest.xml:42:13-49
56            android:exported="true" >
56-->src\main\AndroidManifest.xml:43:13-36
57            <intent-filter>
57-->src\main\AndroidManifest.xml:44:13-47:29
58                <action android:name="android.intent.action.BATTERY_LOW" />
58-->src\main\AndroidManifest.xml:45:17-76
58-->src\main\AndroidManifest.xml:45:25-73
59                <action android:name="android.intent.action.BATTERY_OKAY" />
59-->src\main\AndroidManifest.xml:46:17-77
59-->src\main\AndroidManifest.xml:46:25-74
60            </intent-filter>
61        </receiver>
62
63        <provider
63-->[androidx.emoji2:emoji2:1.0.0] AndroidManifest.xml:26:9-34:20
64            android:name="androidx.startup.InitializationProvider"
64-->[androidx.emoji2:emoji2:1.0.0] AndroidManifest.xml:27:13-67
65            android:authorities="com.mc2023.template.androidx-startup"
65-->[androidx.emoji2:emoji2:1.0.0] AndroidManifest.xml:28:13-68
66            android:exported="false" >
66-->[androidx.emoji2:emoji2:1.0.0] AndroidManifest.xml:29:13-37
67            <meta-data
67-->[androidx.emoji2:emoji2:1.0.0] AndroidManifest.xml:31:13-33:52
68                android:name="androidx.emoji2.text.EmojiCompatInitializer"
68-->[androidx.emoji2:emoji2:1.0.0] AndroidManifest.xml:32:17-75
69                android:value="androidx.startup" />
69-->[androidx.emoji2:emoji2:1.0.0] AndroidManifest.xml:33:17-49
70            <meta-data
70-->[androidx.lifecycle:lifecycle-process:2.4.0] AndroidManifest.xml:31:13-33:52
71                android:name="androidx.lifecycle.ProcessLifecycleInitializer"
71-->[androidx.lifecycle:lifecycle-process:2.4.0] AndroidManifest.xml:32:17-78
72                android:value="androidx.startup" />
72-->[androidx.lifecycle:lifecycle-process:2.4.0] AndroidManifest.xml:33:17-49
73        </provider>
74    </application>
75
76</manifest>